<?xml version="1.0" encoding="UTF-8"?>
<!-- Generated by org.testng.reporters.JUnitReportReporter -->
<testsuite hostname="KAPIL" failures="0" tests="1" name="testclassTestng.TC02_verifylogoutfunctanility2" time="8.970" errors="0" timestamp="2022-10-13T13:22:04 IST" skipped="0">
  <testcase classname="testclassTestng.TC02_verifylogoutfunctanility2" name="verifyloutFunctanility2" time="8.970"/>
  <system-out/>
</testsuite> <!-- testclassTestng.TC02_verifylogoutfunctanility2 -->
