<?xml version="1.0" encoding="UTF-8"?>
<!-- Generated by org.testng.reporters.JUnitReportReporter -->
<testsuite hostname="KAPIL" failures="0" tests="1" name="testclassTestng.TC03_verifyBagProductFunctionality3" time="8.706" errors="0" timestamp="2022-10-13T13:22:04 IST" skipped="0">
  <testcase classname="testclassTestng.TC03_verifyBagProductFunctionality3" name="verifybagproductfunctionality3" time="8.706"/>
  <system-out/>
</testsuite> <!-- testclassTestng.TC03_verifyBagProductFunctionality3 -->
