<?xml version="1.0" encoding="UTF-8"?>
<!-- Generated by org.testng.reporters.JUnitReportReporter -->
<testsuite hostname="KAPIL" failures="0" tests="1" name="testclassTestng.TC01_verifyloginFunctanility1" time="4.739" errors="0" timestamp="2022-10-13T13:22:04 IST" skipped="0">
  <testcase classname="testclassTestng.TC01_verifyloginFunctanility1" name="verifyloginfunctionality1" time="4.739"/>
  <system-out/>
</testsuite> <!-- testclassTestng.TC01_verifyloginFunctanility1 -->
